<?xml version="1.0" encoding="UTF-8"?>
<testng-results ignored="0" total="1" passed="1" failed="0" skipped="0">
  <reporter-output>
    <line>
      <![CDATA[Create Customer]]>
    </line>
  </reporter-output>
  <suite started-at="2023-06-07T11:20:34 IST" name="Suite" finished-at="2023-06-07T11:20:34 IST" duration-ms="97">
    <groups>
    </groups>
    <test started-at="2023-06-07T11:20:34 IST" name="Test" finished-at="2023-06-07T11:20:34 IST" duration-ms="97">
      <class name="com.ss.testscripts.CustomerModule">
        <test-method signature="createCust()[pri:0, instance:com.ss.testscripts.CustomerModule@50eac852]" started-at="2023-06-07T11:20:34 IST" name="createCust" finished-at="2023-06-07T11:20:34 IST" duration-ms="23" status="PASS">
          <reporter-output>
            <line>
              <![CDATA[Create Customer]]>
            </line>
          </reporter-output>
        </test-method> <!-- createCust -->
      </class> <!-- com.ss.testscripts.CustomerModule -->
    </test> <!-- Test -->
  </suite> <!-- Suite -->
</testng-results>
